[10:39:27.518] [INFO] Storybook upgrade - v10.2.10
[10:39:27.520] [INFO] detect-projects-spinner-start: Detecting projects...
[10:39:27.521] [DEBUG] Finding Storybook projects...
[10:39:27.734] [DEBUG] Found 1 Storybook projects
[10:39:27.735] [INFO] detect-projects-spinner: Detecting projects: 1 projects
[10:39:27.735] [DEBUG] Getting Storybook data...
[10:39:27.735] [DEBUG] Getting Storybook info...
[10:39:27.809] [DEBUG] Loading main config...
[10:39:27.809] [DEBUG] Getting stories paths...
[10:39:27.818] [DEBUG] Getting package manager...
[10:39:28.041] [DEBUG] Getting package.json info for /Users/wilson.ler/gits/combined/nom/package.json...
[10:39:28.041] [DEBUG] Getting Storybook version...
[10:39:28.042] [DEBUG] Detecting CSF factory usage...
[10:39:28.053] [DEBUG] /.storybook - Validating before version... 9.0.12
[10:39:28.053] [DEBUG] /.storybook - Validating upgrade compatibility...
[10:39:28.053] [DEBUG] /.storybook - Fetching NPM version information...
[10:39:28.053] [DEBUG] Getting CLI versions from NPM for storybook...
[10:39:28.053] [DEBUG] Executing command: npm info storybook version
[10:39:28.059] [DEBUG] Getting CLI versions from NPM for storybook@next...
[10:39:28.059] [DEBUG] Executing command: npm info storybook@next version
[10:39:28.592] [DEBUG] /.storybook - Evaluating blockers...
[10:39:28.600] [DEBUG] Getting installed version for @storybook/experimental-addon-test...
[10:39:28.600] [DEBUG] Executing command: npm ls --json --depth=99 2>/dev/null
[10:39:29.318] [DEBUG] Executing command: npm ls --json --depth=0 2>/dev/null
[10:39:29.860] [DEBUG] Error finding installations for @storybook/experimental-addon-test: ExecaError: Command failed with exit code 1: npm ls --json '--depth=0' '2>/dev/null'

{
  "version": "0.1.0",
  "name": "web"
}
[10:39:29.860] [DEBUG] No installations found for @storybook/experimental-addon-test
[10:39:29.860] [INFO] detect-projects-spinner-stop: 1 project detected
[10:39:29.860] [DEBUG] Found 1 valid projects and 0 error projects
[10:39:29.860] [INFO] Upgrading from [1m9.0.12[22m to [1m10.2.10[22m
[10:39:29.861] [INFO] upgrade-dependencies-task-start: Fetching versions to update package.json files..
[10:39:29.861] [DEBUG] Updating dependencies in /.storybook...
[10:39:29.861] [INFO] upgrade-dependencies-task: /package.json
[10:39:29.861] [DEBUG] Using cached package.json for /Users/wilson.ler/gits/combined/nom/package.json...
[10:39:29.861] [DEBUG] Getting CLI versions from NPM for @chromatic-com/storybook...
[10:39:29.861] [DEBUG] Executing command: npm info @chromatic-com/storybook version
[10:39:30.249] [DEBUG] {
  "upgradedDependencies": []
}
[10:39:30.249] [DEBUG] {
  "upgradedDevDependencies": [
    "@storybook/addon-a11y@^10.2.10",
    "@storybook/addon-docs@^10.2.10",
    "@storybook/addon-onboarding@^10.2.10",
    "@storybook/addon-vitest@^10.2.10",
    "@storybook/nextjs-vite@^10.2.10",
    "eslint-plugin-storybook@^10.2.10",
    "storybook@^10.2.10",
    "@chromatic-com/storybook@^5.0.1"
  ]
}
[10:39:30.249] [DEBUG] {
  "upgradedPeerDependencies": []
}
[10:39:30.249] [DEBUG] Getting package.json info for /Users/wilson.ler/gits/combined/nom/package.json...
[10:39:30.249] [DEBUG] Using cached package.json for /Users/wilson.ler/gits/combined/nom/package.json...
[10:39:30.249] [DEBUG] Using cached package.json for /Users/wilson.ler/gits/combined/nom/package.json...
[10:39:30.249] [DEBUG] Getting package.json info for /Users/wilson.ler/gits/combined/nom/package.json...
[10:39:30.249] [DEBUG] Using cached package.json for /Users/wilson.ler/gits/combined/nom/package.json...
[10:39:30.249] [DEBUG] Getting CLI versions from NPM for @storybook/addon-a11y...
[10:39:30.249] [DEBUG] Executing command: npm info @storybook/addon-a11y version
[10:39:30.668] [DEBUG] Getting CLI versions from NPM for @storybook/addon-docs...
[10:39:30.668] [DEBUG] Executing command: npm info @storybook/addon-docs version
[10:39:31.105] [DEBUG] Getting CLI versions from NPM for @storybook/addon-onboarding...
[10:39:31.105] [DEBUG] Executing command: npm info @storybook/addon-onboarding version
[10:39:31.613] [DEBUG] Getting CLI versions from NPM for @storybook/addon-vitest...
[10:39:31.613] [DEBUG] Executing command: npm info @storybook/addon-vitest version
[10:39:32.016] [DEBUG] Getting CLI versions from NPM for @storybook/nextjs-vite...
[10:39:32.016] [DEBUG] Executing command: npm info @storybook/nextjs-vite version
[10:39:32.473] [DEBUG] Getting CLI versions from NPM for eslint-plugin-storybook...
[10:39:32.473] [DEBUG] Executing command: npm info eslint-plugin-storybook version
[10:39:32.859] [DEBUG] Using cached version for storybook...
[10:39:32.859] [DEBUG] Using cached version for @chromatic-com/storybook...
[10:39:32.859] [DEBUG] Using cached package.json for /Users/wilson.ler/gits/combined/nom/package.json...
[10:39:32.859] [DEBUG] Getting package.json info for /Users/wilson.ler/gits/combined/nom/package.json...
[10:39:32.859] [DEBUG] Using cached package.json for /Users/wilson.ler/gits/combined/nom/package.json...
[10:39:32.859] [DEBUG] Using cached package.json for /Users/wilson.ler/gits/combined/nom/package.json...
[10:39:32.859] [INFO] upgrade-dependencies-task-success: Updated package versions in package.json files
[10:39:32.859] [INFO] detect-automigrations-task-start: Detecting automigrations...
[10:39:32.859] [DEBUG] Starting automigration collection across 1 projects and 19 fixes...
[10:39:32.860] [INFO] detect-automigrations-task: Checking automigrations for /.storybook...
[10:39:32.860] [DEBUG] Processing project: /.storybook
[10:39:32.860] [DEBUG] Checking fix eslintPlugin for project /.storybook...
[10:39:32.860] [DEBUG] Using cached package.json for /Users/wilson.ler/gits/combined/nom/package.json...
[10:39:32.860] [DEBUG] Using cached package.json for /Users/wilson.ler/gits/combined/nom/package.json...
[10:39:32.860] [DEBUG] Checking fix addon-mdx-gfm-remove for project /.storybook...
[10:39:32.860] [DEBUG] Using cached package.json for /Users/wilson.ler/gits/combined/nom/package.json...
[10:39:32.860] [DEBUG] Checking fix addon-storysource-code-panel for project /.storybook...
[10:39:32.860] [DEBUG] Checking fix upgrade-storybook-related-dependencies for project /.storybook...
[10:39:32.860] [DEBUG] Checking for incompatible storybook packages...
[10:39:32.860] [DEBUG] Using cached package.json for /Users/wilson.ler/gits/combined/nom/package.json...
[10:39:32.860] [DEBUG] Using cached package.json for /Users/wilson.ler/gits/combined/nom/package.json...
[10:39:32.860] [DEBUG] Checking fix initial-globals for project /.storybook...
[10:39:32.863] [DEBUG] Checking fix addon-globals-api for project /.storybook...
[10:39:32.868] [DEBUG] Checking fix addon-a11y-addon-test for project /.storybook...
[10:39:32.894] [DEBUG] Checking fix consolidated-imports for project /.storybook...
[10:39:32.894] [DEBUG] Checking fix addon-experimental-test for project /.storybook...
[10:39:32.894] [DEBUG] Using cached installed version for @storybook/experimental-addon-test...
[10:39:32.894] [DEBUG] Checking fix rnstorybook-config for project /.storybook...
[10:39:32.894] [DEBUG] Using cached package.json for /Users/wilson.ler/gits/combined/nom/package.json...
[10:39:32.894] [DEBUG] Checking fix migrate-addon-console for project /.storybook...
[10:39:32.894] [DEBUG] Using cached package.json for /Users/wilson.ler/gits/combined/nom/package.json...
[10:39:32.894] [DEBUG] Checking fix nextjs-to-nextjs-vite for project /.storybook...
[10:39:32.894] [DEBUG] Using cached package.json for /Users/wilson.ler/gits/combined/nom/package.json...
[10:39:32.894] [DEBUG] Checking fix remove-addon-interactions for project /.storybook...
[10:39:32.894] [DEBUG] Using cached package.json for /Users/wilson.ler/gits/combined/nom/package.json...
[10:39:32.894] [DEBUG] Checking fix renderer-to-framework for project /.storybook...
[10:39:32.894] [DEBUG] Checking fix remove-essential-addons for project /.storybook...
[10:39:32.894] [DEBUG] Using cached package.json for /Users/wilson.ler/gits/combined/nom/package.json...
[10:39:32.894] [DEBUG] Checking fix addon-a11y-parameters for project /.storybook...
[10:39:32.895] [DEBUG] Checking fix remove-docs-autodocs for project /.storybook...
[10:39:32.896] [DEBUG] Checking fix wrap-getAbsolutePath for project /.storybook...
[10:39:32.898] [DEBUG] Checking fix fix-faux-esm-require for project /.storybook...
[10:39:32.898] [INFO] detect-automigrations-task: 
Automigrations detected:
[10:39:32.899] [INFO] detect-automigrations-task: [32m[32mâœ”[32m addon-globals-api[39m
[10:39:32.899] [INFO] detect-automigrations-task: [32m[32mâœ”[32m addon-a11y-addon-test[39m
[10:39:32.899] [INFO] detect-automigrations-task: [32m[32mâœ”[32m fix-faux-esm-require[39m
[10:39:32.899] [INFO] detect-automigrations-task-success: 3 automigration(s) detected
[10:40:01.606] [PROMPT] Select automigrations to run {"choice":["addon-globals-api","addon-a11y-addon-test","fix-faux-esm-require"]}
[10:40:01.607] [INFO] automigrate-/.storybook-task-start: Running automigrations for /.storybook
[10:40:01.699] [INFO] automigrate-/.storybook-task: [32m[32mâœ”[32m addon-globals-api[39m
[10:40:01.700] [INFO] automigrate-/.storybook-task: [32m[32mâœ”[32m addon-a11y-addon-test[39m
[10:40:01.703] [INFO] automigrate-/.storybook-task: [32m[32mâœ”[32m fix-faux-esm-require[39m
[10:40:01.703] [INFO] automigrate-/.storybook-task-success: Completed automigrations for /.storybook
[10:40:01.703] [INFO] Installing dependencies...
[10:40:01.703] [INFO] install-dependencies-spinner-start: Installing dependencies...
[10:40:01.703] [DEBUG] Executing command: npm install --force
[10:40:08.941] [ERROR] Installation of dependencies failed! {"error":"ExecaError: Command failed with exit code 1: npm install --force\n\nnpm warn using --force Recommended protections disabled.\nnpm warn ERESOLVE overriding peer dependency\nnpm warn ERESOLVE overriding peer dependency\nnpm warn ERESOLVE overriding peer dependency\nnpm warn ERESOLVE overriding peer dependency\nnpm warn ERESOLVE overriding peer dependency\nnpm warn ERESOLVE overriding peer dependency\nnpm warn While resolving: web@0.1.0\nnpm warn Found: zod@3.25.76\nnpm warn node_modules/zod\nnpm warn   zod@\"^3.26.0\" from the root project\nnpm warn   5 more (@trigger.dev/core, @trigger.dev/sdk, openai, zod-error, zod-validation-error)\nnpm warn\nnpm warn Could not resolve dependency:\nnpm warn peer zod@\"^3.0.0 || ^4.0.0\" from @trigger.dev/sdk@4.3.3\nnpm warn node_modules/@trigger.dev/sdk\nnpm warn   @trigger.dev/sdk@\"^4.3.3\" from the root project\nnpm warn ERESOLVE overriding peer dependency\nnpm warn While resolving: web@0.1.0\nnpm warn Found: zod@3.25.76\nnpm warn node_modules/zod\nnpm warn   zod@\"^3.26.0\" from the root project\nnpm warn   5 more (@trigger.dev/core, @trigger.dev/sdk, openai, zod-error, zod-validation-error)\nnpm warn\nnpm warn Could not resolve dependency:\nnpm warn peerOptional zod@\"^3.23.8\" from openai@5.3.0\nnpm warn node_modules/openai\nnpm warn   openai@\"^5.3.0\" from the root project\nnpm error code ETARGET\nnpm error notarget No matching version found for zod@^3.26.0.\nnpm error notarget In most cases you or one of your dependencies are requesting\nnpm error notarget a package version that doesn't exist.\nnpm error A complete log of this run can be found in: /Users/wilson.ler/.npm/_logs/2026-02-18T15_40_01_881Z-debug-0.log\n    at getFinalError (file:///Users/wilson.ler/.npm/_npx/33664e36fd47e643/node_modules/storybook/dist/_node-chunks/chunk-URMZXQZT.js:13109:10)\n    at makeError (file:///Users/wilson.ler/.npm/_npx/33664e36fd47e643/node_modules/storybook/dist/_node-chunks/chunk-URMZXQZT.js:14645:15)\n    at getAsyncResult (file:///Users/wilson.ler/.npm/_npx/33664e36fd47e643/node_modules/storybook/dist/_node-chunks/chunk-URMZXQZT.js:17291:158)\n    at handlePromise (file:///Users/wilson.ler/.npm/_npx/33664e36fd47e643/node_modules/storybook/dist/_node-chunks/chunk-URMZXQZT.js:17277:162)\n    at async Object.executeTaskWithSpinner (file:///Users/wilson.ler/.npm/_npx/33664e36fd47e643/node_modules/storybook/dist/_node-chunks/chunk-7ZPQ47DO.js:3683:11)\n    at async NPMProxy.installDependencies (file:///Users/wilson.ler/.npm/_npx/33664e36fd47e643/node_modules/storybook/dist/_node-chunks/chunk-URMZXQZT.js:11258:5)\n    at async upgrade (file:///Users/wilson.ler/.npm/_npx/33664e36fd47e643/node_modules/@storybook/cli/dist/_node-chunks/run-WYJFF6II.js:9533:41)\n    at async file:///Users/wilson.ler/.npm/_npx/33664e36fd47e643/node_modules/@storybook/cli/dist/_node-chunks/run-WYJFF6II.js:9669:70\n    at async withTelemetry (file:///Users/wilson.ler/.npm/_npx/33664e36fd47e643/node_modules/storybook/dist/_node-chunks/chunk-S3MWHNYJ.js:218:12)\n    at async Command.<anonymous> (file:///Users/wilson.ler/.npm/_npx/33664e36fd47e643/node_modules/@storybook/cli/dist/_node-chunks/run-WYJFF6II.js:9665:3)"}
[10:40:08.941] [ERROR] install-dependencies-spinner-error: [31mInstallation of dependencies failed![39m
[10:40:08.941] [ERROR] [38;2;241;97;97mExecaError: Command failed with exit code 1: npm install --force

npm warn using --force Recommended protections disabled.
npm warn ERESOLVE overriding peer dependency
npm warn ERESOLVE overriding peer dependency
npm warn ERESOLVE overriding peer dependency
npm warn ERESOLVE overriding peer dependency
npm warn ERESOLVE overriding peer dependency
npm warn ERESOLVE overriding peer dependency
npm warn While resolving: web@0.1.0
npm warn Found: zod@3.25.76
npm warn node_modules/zod
npm warn   zod@"^3.26.0" from the root project
npm warn   5 more (@trigger.dev/core, @trigger.dev/sdk, openai, zod-error, zod-validation-error)
npm warn
npm warn Could not resolve dependency:
npm warn peer zod@"^3.0.0 || ^4.0.0" from @trigger.dev/sdk@4.3.3
npm warn node_modules/@trigger.dev/sdk
npm warn   @trigger.dev/sdk@"^4.3.3" from the root project
npm warn ERESOLVE overriding peer dependency
npm warn While resolving: web@0.1.0
npm warn Found: zod@3.25.76
npm warn node_modules/zod
npm warn   zod@"^3.26.0" from the root project
npm warn   5 more (@trigger.dev/core, @trigger.dev/sdk, openai, zod-error, zod-validation-error)
npm warn
npm warn Could not resolve dependency:
npm warn peerOptional zod@"^3.23.8" from openai@5.3.0
npm warn node_modules/openai
npm warn   openai@"^5.3.0" from the root project
npm error code ETARGET
npm error notarget No matching version found for zod@^3.26.0.
npm error notarget In most cases you or one of your dependencies are requesting
npm error notarget a package version that doesn't exist.
npm error A complete log of this run can be found in: /Users/wilson.ler/.npm/_logs/2026-02-18T15_40_01_881Z-debug-0.log[39m
    at getFinalError (file:///Users/wilson.ler/.npm/_npx/33664e36fd47e643/node_modules/storybook/dist/_node-chunks/chunk-URMZXQZT.js:13109:10)
    at makeError (file:///Users/wilson.ler/.npm/_npx/33664e36fd47e643/node_modules/storybook/dist/_node-chunks/chunk-URMZXQZT.js:14645:15)
    at getAsyncResult (file:///Users/wilson.ler/.npm/_npx/33664e36fd47e643/node_modules/storybook/dist/_node-chunks/chunk-URMZXQZT.js:17291:158)
    at handlePromise (file:///Users/wilson.ler/.npm/_npx/33664e36fd47e643/node_modules/storybook/dist/_node-chunks/chunk-URMZXQZT.js:17277:162)
    at async Object.executeTaskWithSpinner (file:///Users/wilson.ler/.npm/_npx/33664e36fd47e643/node_modules/storybook/dist/_node-chunks/chunk-7ZPQ47DO.js:3683:11)
    at async NPMProxy.installDependencies (file:///Users/wilson.ler/.npm/_npx/33664e36fd47e643/node_modules/storybook/dist/_node-chunks/chunk-URMZXQZT.js:11258:5)
    at async upgrade (file:///Users/wilson.ler/.npm/_npx/33664e36fd47e643/node_modules/@storybook/cli/dist/_node-chunks/run-WYJFF6II.js:9533:41)
    at async file:///Users/wilson.ler/.npm/_npx/33664e36fd47e643/node_modules/@storybook/cli/dist/_node-chunks/run-WYJFF6II.js:9669:70
    at async withTelemetry (file:///Users/wilson.ler/.npm/_npx/33664e36fd47e643/node_modules/storybook/dist/_node-chunks/chunk-S3MWHNYJ.js:218:12)
    at async Command.<anonymous> (file:///Users/wilson.ler/.npm/_npx/33664e36fd47e643/node_modules/@storybook/cli/dist/_node-chunks/run-WYJFF6II.js:9665:3)
[10:40:08.948] [INFO] Storybook collects completely anonymous usage telemetry. We use it to shape Storybook's roadmap and prioritize features. You can learn more, including how to opt out, at https://storybook.js.org/telemetry
[10:40:09.706] [ERROR] ExecaError: Command failed with exit code 1: npm install --force

npm warn using --force Recommended protections disabled.
npm warn ERESOLVE overriding peer dependency
npm warn ERESOLVE overriding peer dependency
npm warn ERESOLVE overriding peer dependency
npm warn ERESOLVE overriding peer dependency
npm warn ERESOLVE overriding peer dependency
npm warn ERESOLVE overriding peer dependency
npm warn While resolving: web@0.1.0
npm warn Found: zod@3.25.76
npm warn node_modules/zod
npm warn   zod@"^3.26.0" from the root project
npm warn   5 more (@trigger.dev/core, @trigger.dev/sdk, openai, zod-error, zod-validation-error)
npm warn
npm warn Could not resolve dependency:
npm warn peer zod@"^3.0.0 || ^4.0.0" from @trigger.dev/sdk@4.3.3
npm warn node_modules/@trigger.dev/sdk
npm warn   @trigger.dev/sdk@"^4.3.3" from the root project
npm warn ERESOLVE overriding peer dependency
npm warn While resolving: web@0.1.0
npm warn Found: zod@3.25.76
npm warn node_modules/zod
npm warn   zod@"^3.26.0" from the root project
npm warn   5 more (@trigger.dev/core, @trigger.dev/sdk, openai, zod-error, zod-validation-error)
npm warn
npm warn Could not resolve dependency:
npm warn peerOptional zod@"^3.23.8" from openai@5.3.0
npm warn node_modules/openai
npm warn   openai@"^5.3.0" from the root project
npm error code ETARGET
npm error notarget No matching version found for zod@^3.26.0.
npm error notarget In most cases you or one of your dependencies are requesting
npm error notarget a package version that doesn't exist.
npm error A complete log of this run can be found in: /Users/wilson.ler/.npm/_logs/2026-02-18T15_40_01_881Z-debug-0.log